[1128/104330.644:WARNING:dns_config_service_win.cc(668)] Failed to read DnsConfig.
[1128/104335.653:WARNING:dns_config_service_win.cc(668)] Failed to read DnsConfig.
[1128/104340.657:WARNING:dns_config_service_win.cc(668)] Failed to read DnsConfig.
[1128/104345.668:WARNING:dns_config_service_win.cc(668)] Failed to read DnsConfig.
[1128/104350.672:WARNING:dns_config_service_win.cc(668)] Failed to read DnsConfig.
[1128/104355.682:WARNING:dns_config_service_win.cc(668)] Failed to read DnsConfig.
[1128/104400.693:WARNING:dns_config_service_win.cc(668)] Failed to read DnsConfig.
[1128/104405.702:WARNING:dns_config_service_win.cc(668)] Failed to read DnsConfig.
[1128/104410.708:WARNING:dns_config_service_win.cc(668)] Failed to read DnsConfig.
[1128/104415.712:WARNING:dns_config_service_win.cc(668)] Failed to read DnsConfig.
[1128/104420.723:WARNING:dns_config_service_win.cc(668)] Failed to read DnsConfig.
[1128/104425.733:WARNING:dns_config_service_win.cc(668)] Failed to read DnsConfig.
[1128/104430.741:WARNING:dns_config_service_win.cc(668)] Failed to read DnsConfig.
[1128/104435.750:WARNING:dns_config_service_win.cc(668)] Failed to read DnsConfig.
[1128/104440.759:WARNING:dns_config_service_win.cc(668)] Failed to read DnsConfig.
[1128/104445.767:WARNING:dns_config_service_win.cc(668)] Failed to read DnsConfig.
[1128/104450.773:WARNING:dns_config_service_win.cc(668)] Failed to read DnsConfig.
[1128/104453.328:INFO:CONSOLE(1)] "Long rAF frame-time", source: file:///C:/Program%20Files/Adobe%20Photoshop%202020/Required/www-rich-tooltips/build/external.js (1)
[1128/104455.781:WARNING:dns_config_service_win.cc(668)] Failed to read DnsConfig.
[1128/104500.794:WARNING:dns_config_service_win.cc(668)] Failed to read DnsConfig.
[1128/104505.798:WARNING:dns_config_service_win.cc(668)] Failed to read DnsConfig.
[1128/104510.807:WARNING:dns_config_service_win.cc(668)] Failed to read DnsConfig.
[1128/104515.817:WARNING:dns_config_service_win.cc(668)] Failed to read DnsConfig.
[1128/104520.829:WARNING:dns_config_service_win.cc(668)] Failed to read DnsConfig.
[1128/104525.837:WARNING:dns_config_service_win.cc(668)] Failed to read DnsConfig.
[1128/104530.846:WARNING:dns_config_service_win.cc(668)] Failed to read DnsConfig.
[1128/104535.855:WARNING:dns_config_service_win.cc(668)] Failed to read DnsConfig.
[1128/104540.860:WARNING:dns_config_service_win.cc(668)] Failed to read DnsConfig.
[1128/104545.871:WARNING:dns_config_service_win.cc(668)] Failed to read DnsConfig.
[1128/104550.876:WARNING:dns_config_service_win.cc(668)] Failed to read DnsConfig.
[1128/104555.889:WARNING:dns_config_service_win.cc(668)] Failed to read DnsConfig.
[1128/104600.899:WARNING:dns_config_service_win.cc(668)] Failed to read DnsConfig.
[1128/104605.909:WARNING:dns_config_service_win.cc(668)] Failed to read DnsConfig.
[1128/104610.918:WARNING:dns_config_service_win.cc(668)] Failed to read DnsConfig.
[1128/104615.926:WARNING:dns_config_service_win.cc(668)] Failed to read DnsConfig.
[1128/104620.937:WARNING:dns_config_service_win.cc(668)] Failed to read DnsConfig.
[1128/104625.945:WARNING:dns_config_service_win.cc(668)] Failed to read DnsConfig.
[1128/104630.954:WARNING:dns_config_service_win.cc(668)] Failed to read DnsConfig.
[1128/104635.964:WARNING:dns_config_service_win.cc(668)] Failed to read DnsConfig.
[1128/104640.970:WARNING:dns_config_service_win.cc(668)] Failed to read DnsConfig.
[1128/104645.979:WARNING:dns_config_service_win.cc(668)] Failed to read DnsConfig.
[1128/104650.986:WARNING:dns_config_service_win.cc(668)] Failed to read DnsConfig.
[1128/104655.996:WARNING:dns_config_service_win.cc(668)] Failed to read DnsConfig.
[1128/104701.000:WARNING:dns_config_service_win.cc(668)] Failed to read DnsConfig.
[1128/104706.010:WARNING:dns_config_service_win.cc(668)] Failed to read DnsConfig.
[1128/104711.018:WARNING:dns_config_service_win.cc(668)] Failed to read DnsConfig.
[1128/104716.030:WARNING:dns_config_service_win.cc(668)] Failed to read DnsConfig.
[1128/104721.041:WARNING:dns_config_service_win.cc(668)] Failed to read DnsConfig.
[1128/104726.050:WARNING:dns_config_service_win.cc(668)] Failed to read DnsConfig.
[1128/104731.059:WARNING:dns_config_service_win.cc(668)] Failed to read DnsConfig.
[1128/104736.067:WARNING:dns_config_service_win.cc(668)] Failed to read DnsConfig.
[1128/104741.075:WARNING:dns_config_service_win.cc(668)] Failed to read DnsConfig.
[1128/104746.084:WARNING:dns_config_service_win.cc(668)] Failed to read DnsConfig.
[1128/104751.093:WARNING:dns_config_service_win.cc(668)] Failed to read DnsConfig.
[1128/104756.102:WARNING:dns_config_service_win.cc(668)] Failed to read DnsConfig.
[1128/104801.111:WARNING:dns_config_service_win.cc(668)] Failed to read DnsConfig.
[1128/104806.120:WARNING:dns_config_service_win.cc(668)] Failed to read DnsConfig.
[1128/104811.130:WARNING:dns_config_service_win.cc(668)] Failed to read DnsConfig.
[1128/104816.139:WARNING:dns_config_service_win.cc(668)] Failed to read DnsConfig.
[1128/104821.148:WARNING:dns_config_service_win.cc(668)] Failed to read DnsConfig.
[1128/104826.158:WARNING:dns_config_service_win.cc(668)] Failed to read DnsConfig.
[1128/104831.163:WARNING:dns_config_service_win.cc(668)] Failed to read DnsConfig.
[1128/104836.170:WARNING:dns_config_service_win.cc(668)] Failed to read DnsConfig.
[1128/104841.180:WARNING:dns_config_service_win.cc(668)] Failed to read DnsConfig.
[1128/104846.189:WARNING:dns_config_service_win.cc(668)] Failed to read DnsConfig.
[1128/104851.197:WARNING:dns_config_service_win.cc(668)] Failed to read DnsConfig.
[1128/104856.203:WARNING:dns_config_service_win.cc(668)] Failed to read DnsConfig.
[1128/104901.217:WARNING:dns_config_service_win.cc(668)] Failed to read DnsConfig.
[1128/104906.227:WARNING:dns_config_service_win.cc(668)] Failed to read DnsConfig.
[1128/104911.238:WARNING:dns_config_service_win.cc(668)] Failed to read DnsConfig.
[1128/104916.248:WARNING:dns_config_service_win.cc(668)] Failed to read DnsConfig.
[1128/104921.255:WARNING:dns_config_service_win.cc(668)] Failed to read DnsConfig.
[1128/104926.264:WARNING:dns_config_service_win.cc(668)] Failed to read DnsConfig.
[1128/104931.273:WARNING:dns_config_service_win.cc(668)] Failed to read DnsConfig.
[1128/104936.282:WARNING:dns_config_service_win.cc(668)] Failed to read DnsConfig.
[1128/104941.286:WARNING:dns_config_service_win.cc(668)] Failed to read DnsConfig.
[1128/104946.295:WARNING:dns_config_service_win.cc(668)] Failed to read DnsConfig.
[1128/104951.305:WARNING:dns_config_service_win.cc(668)] Failed to read DnsConfig.
[1128/104956.316:WARNING:dns_config_service_win.cc(668)] Failed to read DnsConfig.
[1128/105001.328:WARNING:dns_config_service_win.cc(668)] Failed to read DnsConfig.
[1128/105006.339:WARNING:dns_config_service_win.cc(668)] Failed to read DnsConfig.
[1128/105011.351:WARNING:dns_config_service_win.cc(668)] Failed to read DnsConfig.
[1128/105016.359:WARNING:dns_config_service_win.cc(668)] Failed to read DnsConfig.
[1128/105021.371:WARNING:dns_config_service_win.cc(668)] Failed to read DnsConfig.
[1128/105026.383:WARNING:dns_config_service_win.cc(668)] Failed to read DnsConfig.
[1128/105031.388:WARNING:dns_config_service_win.cc(668)] Failed to read DnsConfig.
[1128/105036.394:WARNING:dns_config_service_win.cc(668)] Failed to read DnsConfig.
[1128/105041.407:WARNING:dns_config_service_win.cc(668)] Failed to read DnsConfig.
[1128/105046.416:WARNING:dns_config_service_win.cc(668)] Failed to read DnsConfig.
[1128/105051.426:WARNING:dns_config_service_win.cc(668)] Failed to read DnsConfig.
[1128/105056.436:WARNING:dns_config_service_win.cc(668)] Failed to read DnsConfig.
[1128/105101.446:WARNING:dns_config_service_win.cc(668)] Failed to read DnsConfig.
[1128/105106.456:WARNING:dns_config_service_win.cc(668)] Failed to read DnsConfig.
[1128/105111.464:WARNING:dns_config_service_win.cc(668)] Failed to read DnsConfig.
[1128/105116.473:WARNING:dns_config_service_win.cc(668)] Failed to read DnsConfig.
[1128/105121.484:WARNING:dns_config_service_win.cc(668)] Failed to read DnsConfig.
[1128/105126.494:WARNING:dns_config_service_win.cc(668)] Failed to read DnsConfig.
[1128/105131.504:WARNING:dns_config_service_win.cc(668)] Failed to read DnsConfig.
[1128/105136.514:WARNING:dns_config_service_win.cc(668)] Failed to read DnsConfig.
[1128/105141.524:WARNING:dns_config_service_win.cc(668)] Failed to read DnsConfig.
[1128/105146.534:WARNING:dns_config_service_win.cc(668)] Failed to read DnsConfig.
[1128/105151.545:WARNING:dns_config_service_win.cc(668)] Failed to read DnsConfig.
[1128/105156.553:WARNING:dns_config_service_win.cc(668)] Failed to read DnsConfig.
[1128/105201.562:WARNING:dns_config_service_win.cc(668)] Failed to read DnsConfig.
[1128/105206.572:WARNING:dns_config_service_win.cc(668)] Failed to read DnsConfig.
[1128/105211.580:WARNING:dns_config_service_win.cc(668)] Failed to read DnsConfig.
[1128/105216.584:WARNING:dns_config_service_win.cc(668)] Failed to read DnsConfig.
[1128/105221.593:WARNING:dns_config_service_win.cc(668)] Failed to read DnsConfig.
[1128/105226.602:WARNING:dns_config_service_win.cc(668)] Failed to read DnsConfig.
[1128/105231.609:WARNING:dns_config_service_win.cc(668)] Failed to read DnsConfig.
[1128/105236.618:WARNING:dns_config_service_win.cc(668)] Failed to read DnsConfig.
[1128/105241.627:WARNING:dns_config_service_win.cc(668)] Failed to read DnsConfig.
[1128/105246.640:WARNING:dns_config_service_win.cc(668)] Failed to read DnsConfig.
[1128/105251.648:WARNING:dns_config_service_win.cc(668)] Failed to read DnsConfig.
[1128/105256.656:WARNING:dns_config_service_win.cc(668)] Failed to read DnsConfig.
[1128/105301.660:WARNING:dns_config_service_win.cc(668)] Failed to read DnsConfig.
[1128/105306.669:WARNING:dns_config_service_win.cc(668)] Failed to read DnsConfig.
[1128/105311.679:WARNING:dns_config_service_win.cc(668)] Failed to read DnsConfig.
[1128/105316.688:WARNING:dns_config_service_win.cc(668)] Failed to read DnsConfig.
[1128/105321.699:WARNING:dns_config_service_win.cc(668)] Failed to read DnsConfig.
[1128/105326.710:WARNING:dns_config_service_win.cc(668)] Failed to read DnsConfig.
[1128/105331.723:WARNING:dns_config_service_win.cc(668)] Failed to read DnsConfig.
[1128/105336.735:WARNING:dns_config_service_win.cc(668)] Failed to read DnsConfig.
[1128/105341.748:WARNING:dns_config_service_win.cc(668)] Failed to read DnsConfig.
[1128/105346.758:WARNING:dns_config_service_win.cc(668)] Failed to read DnsConfig.
[1128/105351.770:WARNING:dns_config_service_win.cc(668)] Failed to read DnsConfig.
[1128/105356.781:WARNING:dns_config_service_win.cc(668)] Failed to read DnsConfig.
[1128/105401.790:WARNING:dns_config_service_win.cc(668)] Failed to read DnsConfig.
[1128/105406.796:WARNING:dns_config_service_win.cc(668)] Failed to read DnsConfig.
[1128/105411.806:WARNING:dns_config_service_win.cc(668)] Failed to read DnsConfig.
[1128/105416.816:WARNING:dns_config_service_win.cc(668)] Failed to read DnsConfig.
[1128/105421.826:WARNING:dns_config_service_win.cc(668)] Failed to read DnsConfig.
[1128/105426.837:WARNING:dns_config_service_win.cc(668)] Failed to read DnsConfig.
[1128/105431.848:WARNING:dns_config_service_win.cc(668)] Failed to read DnsConfig.
[1128/105436.857:WARNING:dns_config_service_win.cc(668)] Failed to read DnsConfig.
[1128/105441.866:WARNING:dns_config_service_win.cc(668)] Failed to read DnsConfig.
[1128/105446.878:WARNING:dns_config_service_win.cc(668)] Failed to read DnsConfig.
[1128/105451.888:WARNING:dns_config_service_win.cc(668)] Failed to read DnsConfig.
[1128/105456.897:WARNING:dns_config_service_win.cc(668)] Failed to read DnsConfig.
[1128/105501.906:WARNING:dns_config_service_win.cc(668)] Failed to read DnsConfig.
[1128/105506.915:WARNING:dns_config_service_win.cc(668)] Failed to read DnsConfig.
[1128/105511.925:WARNING:dns_config_service_win.cc(668)] Failed to read DnsConfig.
[1128/105516.933:WARNING:dns_config_service_win.cc(668)] Failed to read DnsConfig.
[1128/105521.943:WARNING:dns_config_service_win.cc(668)] Failed to read DnsConfig.
[1128/105526.954:WARNING:dns_config_service_win.cc(668)] Failed to read DnsConfig.
[1128/105531.964:WARNING:dns_config_service_win.cc(668)] Failed to read DnsConfig.
[1128/105536.973:WARNING:dns_config_service_win.cc(668)] Failed to read DnsConfig.
[1128/105541.984:WARNING:dns_config_service_win.cc(668)] Failed to read DnsConfig.
[1128/105546.989:WARNING:dns_config_service_win.cc(668)] Failed to read DnsConfig.
[1128/105551.997:WARNING:dns_config_service_win.cc(668)] Failed to read DnsConfig.
[1128/105557.010:WARNING:dns_config_service_win.cc(668)] Failed to read DnsConfig.
[1128/105602.018:WARNING:dns_config_service_win.cc(668)] Failed to read DnsConfig.
[1128/105607.027:WARNING:dns_config_service_win.cc(668)] Failed to read DnsConfig.
[1128/105612.037:WARNING:dns_config_service_win.cc(668)] Failed to read DnsConfig.
[1128/105617.046:WARNING:dns_config_service_win.cc(668)] Failed to read DnsConfig.
[1128/105622.058:WARNING:dns_config_service_win.cc(668)] Failed to read DnsConfig.
[1128/105627.068:WARNING:dns_config_service_win.cc(668)] Failed to read DnsConfig.
[1128/105632.072:WARNING:dns_config_service_win.cc(668)] Failed to read DnsConfig.
[1128/105637.081:WARNING:dns_config_service_win.cc(668)] Failed to read DnsConfig.
[1128/105642.090:WARNING:dns_config_service_win.cc(668)] Failed to read DnsConfig.
[1128/105647.094:WARNING:dns_config_service_win.cc(668)] Failed to read DnsConfig.
[1128/105652.104:WARNING:dns_config_service_win.cc(668)] Failed to read DnsConfig.
[1128/105657.114:WARNING:dns_config_service_win.cc(668)] Failed to read DnsConfig.
[1128/105702.121:WARNING:dns_config_service_win.cc(668)] Failed to read DnsConfig.
[1128/105707.132:WARNING:dns_config_service_win.cc(668)] Failed to read DnsConfig.
[1128/105734.473:WARNING:dns_config_service_win.cc(668)] Failed to read DnsConfig.
[1128/105739.479:WARNING:dns_config_service_win.cc(668)] Failed to read DnsConfig.
[1128/105744.484:WARNING:dns_config_service_win.cc(668)] Failed to read DnsConfig.
[1128/105749.496:WARNING:dns_config_service_win.cc(668)] Failed to read DnsConfig.
[1128/105750.777:WARNING:angle_platform_impl.cc(52)] compileToBinary(230): 
C:\fakepath(69,8-58): warning X3571: pow(f, e) will not work for negative f, use abs(f) or conditionally handle negative values if you expect them
C:\fakepath(77,9-43): warning X3571: pow(f, e) will not work for negative f, use abs(f) or conditionally handle negative values if you expect them

[1128/105754.508:WARNING:dns_config_service_win.cc(668)] Failed to read DnsConfig.
[1128/105759.518:WARNING:dns_config_service_win.cc(668)] Failed to read DnsConfig.
[1128/105804.528:WARNING:dns_config_service_win.cc(668)] Failed to read DnsConfig.
[1128/105809.533:WARNING:dns_config_service_win.cc(668)] Failed to read DnsConfig.
[1128/105814.548:WARNING:dns_config_service_win.cc(668)] Failed to read DnsConfig.
[1128/105819.558:WARNING:dns_config_service_win.cc(668)] Failed to read DnsConfig.
[1128/105824.568:WARNING:dns_config_service_win.cc(668)] Failed to read DnsConfig.
[1128/105829.576:WARNING:dns_config_service_win.cc(668)] Failed to read DnsConfig.
[1128/105834.590:WARNING:dns_config_service_win.cc(668)] Failed to read DnsConfig.
[1128/105839.600:WARNING:dns_config_service_win.cc(668)] Failed to read DnsConfig.
[1128/105844.617:WARNING:dns_config_service_win.cc(668)] Failed to read DnsConfig.
[1128/105849.633:WARNING:dns_config_service_win.cc(668)] Failed to read DnsConfig.
[1128/105854.654:WARNING:dns_config_service_win.cc(668)] Failed to read DnsConfig.
[1128/105859.677:WARNING:dns_config_service_win.cc(668)] Failed to read DnsConfig.
[1128/105904.683:WARNING:dns_config_service_win.cc(668)] Failed to read DnsConfig.
[1128/105909.701:WARNING:dns_config_service_win.cc(668)] Failed to read DnsConfig.
[1128/105914.711:WARNING:dns_config_service_win.cc(668)] Failed to read DnsConfig.
[1128/105919.722:WARNING:dns_config_service_win.cc(668)] Failed to read DnsConfig.
[1128/105924.731:WARNING:dns_config_service_win.cc(668)] Failed to read DnsConfig.
[1128/105929.738:WARNING:dns_config_service_win.cc(668)] Failed to read DnsConfig.
[1128/105934.748:WARNING:dns_config_service_win.cc(668)] Failed to read DnsConfig.
[1128/105939.754:WARNING:dns_config_service_win.cc(668)] Failed to read DnsConfig.
[1128/105944.764:WARNING:dns_config_service_win.cc(668)] Failed to read DnsConfig.
[1128/105949.772:WARNING:dns_config_service_win.cc(668)] Failed to read DnsConfig.
[1128/105954.793:WARNING:dns_config_service_win.cc(668)] Failed to read DnsConfig.
[1128/105959.803:WARNING:dns_config_service_win.cc(668)] Failed to read DnsConfig.
[1128/110004.813:WARNING:dns_config_service_win.cc(668)] Failed to read DnsConfig.
[1128/110009.823:WARNING:dns_config_service_win.cc(668)] Failed to read DnsConfig.
[1128/110014.831:WARNING:dns_config_service_win.cc(668)] Failed to read DnsConfig.
[1128/110019.841:WARNING:dns_config_service_win.cc(668)] Failed to read DnsConfig.
[1128/110024.853:WARNING:dns_config_service_win.cc(668)] Failed to read DnsConfig.
[1128/110029.863:WARNING:dns_config_service_win.cc(668)] Failed to read DnsConfig.
[1128/110034.870:WARNING:dns_config_service_win.cc(668)] Failed to read DnsConfig.
[1128/110039.875:WARNING:dns_config_service_win.cc(668)] Failed to read DnsConfig.
[1128/110044.885:WARNING:dns_config_service_win.cc(668)] Failed to read DnsConfig.
[1128/110049.894:WARNING:dns_config_service_win.cc(668)] Failed to read DnsConfig.
[1128/110054.905:WARNING:dns_config_service_win.cc(668)] Failed to read DnsConfig.
[1128/110059.925:WARNING:dns_config_service_win.cc(668)] Failed to read DnsConfig.
[1128/110104.932:WARNING:dns_config_service_win.cc(668)] Failed to read DnsConfig.
[1128/110109.939:WARNING:dns_config_service_win.cc(668)] Failed to read DnsConfig.
[1128/110114.943:WARNING:dns_config_service_win.cc(668)] Failed to read DnsConfig.
[1128/110119.953:WARNING:dns_config_service_win.cc(668)] Failed to read DnsConfig.
[1128/110124.962:WARNING:dns_config_service_win.cc(668)] Failed to read DnsConfig.
[1128/110129.971:WARNING:dns_config_service_win.cc(668)] Failed to read DnsConfig.
[1128/110134.983:WARNING:dns_config_service_win.cc(668)] Failed to read DnsConfig.
[1128/110139.992:WARNING:dns_config_service_win.cc(668)] Failed to read DnsConfig.
[1128/110145.001:WARNING:dns_config_service_win.cc(668)] Failed to read DnsConfig.
[1128/110150.010:WARNING:dns_config_service_win.cc(668)] Failed to read DnsConfig.
[1128/110155.019:WARNING:dns_config_service_win.cc(668)] Failed to read DnsConfig.
[1128/110200.029:WARNING:dns_config_service_win.cc(668)] Failed to read DnsConfig.
[1128/110205.037:WARNING:dns_config_service_win.cc(668)] Failed to read DnsConfig.
[1128/110210.046:WARNING:dns_config_service_win.cc(668)] Failed to read DnsConfig.
[1128/110215.054:WARNING:dns_config_service_win.cc(668)] Failed to read DnsConfig.
[1128/110220.063:WARNING:dns_config_service_win.cc(668)] Failed to read DnsConfig.
[1128/110225.075:WARNING:dns_config_service_win.cc(668)] Failed to read DnsConfig.
[1128/110230.083:WARNING:dns_config_service_win.cc(668)] Failed to read DnsConfig.
[1128/110235.093:WARNING:dns_config_service_win.cc(668)] Failed to read DnsConfig.
[1128/110240.105:WARNING:dns_config_service_win.cc(668)] Failed to read DnsConfig.
[1128/110245.114:WARNING:dns_config_service_win.cc(668)] Failed to read DnsConfig.
[1128/110250.124:WARNING:dns_config_service_win.cc(668)] Failed to read DnsConfig.
[1128/110255.134:WARNING:dns_config_service_win.cc(668)] Failed to read DnsConfig.
[1128/110300.142:WARNING:dns_config_service_win.cc(668)] Failed to read DnsConfig.
[1128/110305.155:WARNING:dns_config_service_win.cc(668)] Failed to read DnsConfig.
[1128/110310.165:WARNING:dns_config_service_win.cc(668)] Failed to read DnsConfig.
[1128/110315.173:WARNING:dns_config_service_win.cc(668)] Failed to read DnsConfig.
[1128/110320.182:WARNING:dns_config_service_win.cc(668)] Failed to read DnsConfig.
[1128/110325.191:WARNING:dns_config_service_win.cc(668)] Failed to read DnsConfig.
[1128/110330.201:WARNING:dns_config_service_win.cc(668)] Failed to read DnsConfig.
[1128/110335.210:WARNING:dns_config_service_win.cc(668)] Failed to read DnsConfig.
[1128/110340.219:WARNING:dns_config_service_win.cc(668)] Failed to read DnsConfig.
[1128/110345.228:WARNING:dns_config_service_win.cc(668)] Failed to read DnsConfig.
[1128/110350.237:WARNING:dns_config_service_win.cc(668)] Failed to read DnsConfig.
[1128/110355.246:WARNING:dns_config_service_win.cc(668)] Failed to read DnsConfig.
[1128/110400.255:WARNING:dns_config_service_win.cc(668)] Failed to read DnsConfig.
[1128/110405.264:WARNING:dns_config_service_win.cc(668)] Failed to read DnsConfig.
[1128/110410.274:WARNING:dns_config_service_win.cc(668)] Failed to read DnsConfig.
[1128/110415.283:WARNING:dns_config_service_win.cc(668)] Failed to read DnsConfig.
[1128/110420.294:WARNING:dns_config_service_win.cc(668)] Failed to read DnsConfig.
[1128/110425.302:WARNING:dns_config_service_win.cc(668)] Failed to read DnsConfig.
[1128/110430.314:WARNING:dns_config_service_win.cc(668)] Failed to read DnsConfig.
[1128/110435.327:WARNING:dns_config_service_win.cc(668)] Failed to read DnsConfig.
[1128/110440.336:WARNING:dns_config_service_win.cc(668)] Failed to read DnsConfig.
[1128/110445.346:WARNING:dns_config_service_win.cc(668)] Failed to read DnsConfig.
[1128/110450.356:WARNING:dns_config_service_win.cc(668)] Failed to read DnsConfig.
[1128/110455.365:WARNING:dns_config_service_win.cc(668)] Failed to read DnsConfig.
[1128/110500.375:WARNING:dns_config_service_win.cc(668)] Failed to read DnsConfig.
[1128/110505.388:WARNING:dns_config_service_win.cc(668)] Failed to read DnsConfig.
[1128/110510.397:WARNING:dns_config_service_win.cc(668)] Failed to read DnsConfig.
[1128/110515.406:WARNING:dns_config_service_win.cc(668)] Failed to read DnsConfig.
[1128/110520.415:WARNING:dns_config_service_win.cc(668)] Failed to read DnsConfig.
[1128/110525.423:WARNING:dns_config_service_win.cc(668)] Failed to read DnsConfig.
[1128/110530.432:WARNING:dns_config_service_win.cc(668)] Failed to read DnsConfig.
[1128/110535.440:WARNING:dns_config_service_win.cc(668)] Failed to read DnsConfig.
[1128/110540.450:WARNING:dns_config_service_win.cc(668)] Failed to read DnsConfig.
[1128/110545.459:WARNING:dns_config_service_win.cc(668)] Failed to read DnsConfig.
[1128/110550.468:WARNING:dns_config_service_win.cc(668)] Failed to read DnsConfig.
[1128/110555.480:WARNING:dns_config_service_win.cc(668)] Failed to read DnsConfig.
[1128/110600.487:WARNING:dns_config_service_win.cc(668)] Failed to read DnsConfig.
[1128/110605.497:WARNING:dns_config_service_win.cc(668)] Failed to read DnsConfig.
[1128/110610.505:WARNING:dns_config_service_win.cc(668)] Failed to read DnsConfig.
[1128/110615.518:WARNING:dns_config_service_win.cc(668)] Failed to read DnsConfig.
[1128/110620.531:WARNING:dns_config_service_win.cc(668)] Failed to read DnsConfig.
[1128/110625.542:WARNING:dns_config_service_win.cc(668)] Failed to read DnsConfig.
[1128/110630.551:WARNING:dns_config_service_win.cc(668)] Failed to read DnsConfig.
[1128/110635.560:WARNING:dns_config_service_win.cc(668)] Failed to read DnsConfig.
[1128/110640.569:WARNING:dns_config_service_win.cc(668)] Failed to read DnsConfig.
[1128/110645.578:WARNING:dns_config_service_win.cc(668)] Failed to read DnsConfig.
[1128/110650.586:WARNING:dns_config_service_win.cc(668)] Failed to read DnsConfig.
[1128/110655.596:WARNING:dns_config_service_win.cc(668)] Failed to read DnsConfig.
[1128/110700.605:WARNING:dns_config_service_win.cc(668)] Failed to read DnsConfig.
[1128/110705.613:WARNING:dns_config_service_win.cc(668)] Failed to read DnsConfig.
[1128/110710.622:WARNING:dns_config_service_win.cc(668)] Failed to read DnsConfig.
[1128/110715.627:WARNING:dns_config_service_win.cc(668)] Failed to read DnsConfig.
[1128/110720.641:WARNING:dns_config_service_win.cc(668)] Failed to read DnsConfig.
[1128/110725.654:WARNING:dns_config_service_win.cc(668)] Failed to read DnsConfig.
[1128/110730.667:WARNING:dns_config_service_win.cc(668)] Failed to read DnsConfig.
[1128/110735.674:WARNING:dns_config_service_win.cc(668)] Failed to read DnsConfig.
[1128/110740.683:WARNING:dns_config_service_win.cc(668)] Failed to read DnsConfig.
[1128/110745.692:WARNING:dns_config_service_win.cc(668)] Failed to read DnsConfig.
[1128/110750.702:WARNING:dns_config_service_win.cc(668)] Failed to read DnsConfig.
[1128/110755.711:WARNING:dns_config_service_win.cc(668)] Failed to read DnsConfig.
[1128/110800.721:WARNING:dns_config_service_win.cc(668)] Failed to read DnsConfig.
[1128/110805.732:WARNING:dns_config_service_win.cc(668)] Failed to read DnsConfig.
[1128/110810.741:WARNING:dns_config_service_win.cc(668)] Failed to read DnsConfig.
[1128/110815.754:WARNING:dns_config_service_win.cc(668)] Failed to read DnsConfig.
[1128/110820.763:WARNING:dns_config_service_win.cc(668)] Failed to read DnsConfig.
[1128/110825.771:WARNING:dns_config_service_win.cc(668)] Failed to read DnsConfig.
[1128/110830.780:WARNING:dns_config_service_win.cc(668)] Failed to read DnsConfig.
[1128/110835.789:WARNING:dns_config_service_win.cc(668)] Failed to read DnsConfig.
[1128/110840.798:WARNING:dns_config_service_win.cc(668)] Failed to read DnsConfig.
[1128/110845.807:WARNING:dns_config_service_win.cc(668)] Failed to read DnsConfig.
[1128/110850.816:WARNING:dns_config_service_win.cc(668)] Failed to read DnsConfig.
[1128/110855.824:WARNING:dns_config_service_win.cc(668)] Failed to read DnsConfig.
[1128/110900.832:WARNING:dns_config_service_win.cc(668)] Failed to read DnsConfig.
[1128/110905.841:WARNING:dns_config_service_win.cc(668)] Failed to read DnsConfig.
[1128/110910.849:WARNING:dns_config_service_win.cc(668)] Failed to read DnsConfig.
[1128/110915.858:WARNING:dns_config_service_win.cc(668)] Failed to read DnsConfig.
[1128/110920.870:WARNING:dns_config_service_win.cc(668)] Failed to read DnsConfig.
[1128/110925.880:WARNING:dns_config_service_win.cc(668)] Failed to read DnsConfig.
[1128/110930.889:WARNING:dns_config_service_win.cc(668)] Failed to read DnsConfig.
[1128/110935.898:WARNING:dns_config_service_win.cc(668)] Failed to read DnsConfig.
[1128/110940.906:WARNING:dns_config_service_win.cc(668)] Failed to read DnsConfig.
[1128/110945.914:WARNING:dns_config_service_win.cc(668)] Failed to read DnsConfig.
[1128/110950.924:WARNING:dns_config_service_win.cc(668)] Failed to read DnsConfig.
[1128/110955.933:WARNING:dns_config_service_win.cc(668)] Failed to read DnsConfig.
[1128/111000.944:WARNING:dns_config_service_win.cc(668)] Failed to read DnsConfig.
[1128/111005.954:WARNING:dns_config_service_win.cc(668)] Failed to read DnsConfig.
[1128/111010.964:WARNING:dns_config_service_win.cc(668)] Failed to read DnsConfig.
[1128/111015.978:WARNING:dns_config_service_win.cc(668)] Failed to read DnsConfig.
[1128/111020.988:WARNING:dns_config_service_win.cc(668)] Failed to read DnsConfig.
[1128/111025.997:WARNING:dns_config_service_win.cc(668)] Failed to read DnsConfig.
[1128/111031.006:WARNING:dns_config_service_win.cc(668)] Failed to read DnsConfig.
[1128/111036.014:WARNING:dns_config_service_win.cc(668)] Failed to read DnsConfig.
[1128/111041.023:WARNING:dns_config_service_win.cc(668)] Failed to read DnsConfig.
[1128/111046.032:WARNING:dns_config_service_win.cc(668)] Failed to read DnsConfig.
[1128/111051.040:WARNING:dns_config_service_win.cc(668)] Failed to read DnsConfig.
[1128/111056.050:WARNING:dns_config_service_win.cc(668)] Failed to read DnsConfig.
[1128/111101.059:WARNING:dns_config_service_win.cc(668)] Failed to read DnsConfig.
[1128/111106.067:WARNING:dns_config_service_win.cc(668)] Failed to read DnsConfig.
[1128/111111.077:WARNING:dns_config_service_win.cc(668)] Failed to read DnsConfig.
[1128/111116.085:WARNING:dns_config_service_win.cc(668)] Failed to read DnsConfig.
[1128/111121.096:WARNING:dns_config_service_win.cc(668)] Failed to read DnsConfig.
[1128/111126.106:WARNING:dns_config_service_win.cc(668)] Failed to read DnsConfig.
[1128/111131.116:WARNING:dns_config_service_win.cc(668)] Failed to read DnsConfig.
[1128/111136.124:WARNING:dns_config_service_win.cc(668)] Failed to read DnsConfig.
[1128/111141.132:WARNING:dns_config_service_win.cc(668)] Failed to read DnsConfig.
[1128/111146.141:WARNING:dns_config_service_win.cc(668)] Failed to read DnsConfig.
[1128/111151.150:WARNING:dns_config_service_win.cc(668)] Failed to read DnsConfig.
[1128/111156.159:WARNING:dns_config_service_win.cc(668)] Failed to read DnsConfig.
[1128/111201.169:WARNING:dns_config_service_win.cc(668)] Failed to read DnsConfig.
[1128/111206.177:WARNING:dns_config_service_win.cc(668)] Failed to read DnsConfig.
[1128/111211.187:WARNING:dns_config_service_win.cc(668)] Failed to read DnsConfig.
[1128/111216.197:WARNING:dns_config_service_win.cc(668)] Failed to read DnsConfig.
[1128/111221.204:WARNING:dns_config_service_win.cc(668)] Failed to read DnsConfig.
[1128/111226.213:WARNING:dns_config_service_win.cc(668)] Failed to read DnsConfig.
[1128/111231.222:WARNING:dns_config_service_win.cc(668)] Failed to read DnsConfig.
[1128/111236.231:WARNING:dns_config_service_win.cc(668)] Failed to read DnsConfig.
[1128/111241.241:WARNING:dns_config_service_win.cc(668)] Failed to read DnsConfig.
[1128/111246.253:WARNING:dns_config_service_win.cc(668)] Failed to read DnsConfig.
[1128/111251.262:WARNING:dns_config_service_win.cc(668)] Failed to read DnsConfig.
[1128/111256.270:WARNING:dns_config_service_win.cc(668)] Failed to read DnsConfig.
[1128/111301.280:WARNING:dns_config_service_win.cc(668)] Failed to read DnsConfig.
[1128/111306.289:WARNING:dns_config_service_win.cc(668)] Failed to read DnsConfig.
[1128/111311.297:WARNING:dns_config_service_win.cc(668)] Failed to read DnsConfig.
[1128/111316.308:WARNING:dns_config_service_win.cc(668)] Failed to read DnsConfig.
[1128/111321.317:WARNING:dns_config_service_win.cc(668)] Failed to read DnsConfig.
[1128/111326.326:WARNING:dns_config_service_win.cc(668)] Failed to read DnsConfig.
[1128/111331.335:WARNING:dns_config_service_win.cc(668)] Failed to read DnsConfig.
[1128/111336.344:WARNING:dns_config_service_win.cc(668)] Failed to read DnsConfig.
[1128/111341.353:WARNING:dns_config_service_win.cc(668)] Failed to read DnsConfig.
[1128/111346.362:WARNING:dns_config_service_win.cc(668)] Failed to read DnsConfig.
[1128/111351.371:WARNING:dns_config_service_win.cc(668)] Failed to read DnsConfig.
[1128/111356.381:WARNING:dns_config_service_win.cc(668)] Failed to read DnsConfig.
[1128/111401.390:WARNING:dns_config_service_win.cc(668)] Failed to read DnsConfig.
[1128/111406.399:WARNING:dns_config_service_win.cc(668)] Failed to read DnsConfig.
[1128/111411.407:WARNING:dns_config_service_win.cc(668)] Failed to read DnsConfig.
[1128/111416.417:WARNING:dns_config_service_win.cc(668)] Failed to read DnsConfig.
[1128/111421.425:WARNING:dns_config_service_win.cc(668)] Failed to read DnsConfig.
[1128/111426.435:WARNING:dns_config_service_win.cc(668)] Failed to read DnsConfig.
[1128/111431.444:WARNING:dns_config_service_win.cc(668)] Failed to read DnsConfig.
[1128/111436.452:WARNING:dns_config_service_win.cc(668)] Failed to read DnsConfig.
[1128/111441.462:WARNING:dns_config_service_win.cc(668)] Failed to read DnsConfig.
[1128/111446.471:WARNING:dns_config_service_win.cc(668)] Failed to read DnsConfig.
[1128/111451.480:WARNING:dns_config_service_win.cc(668)] Failed to read DnsConfig.
[1128/111456.488:WARNING:dns_config_service_win.cc(668)] Failed to read DnsConfig.
[1128/111501.498:WARNING:dns_config_service_win.cc(668)] Failed to read DnsConfig.
[1128/111506.507:WARNING:dns_config_service_win.cc(668)] Failed to read DnsConfig.
[1128/111511.516:WARNING:dns_config_service_win.cc(668)] Failed to read DnsConfig.
[1128/111516.525:WARNING:dns_config_service_win.cc(668)] Failed to read DnsConfig.
[1128/111521.534:WARNING:dns_config_service_win.cc(668)] Failed to read DnsConfig.
[1128/111526.547:WARNING:dns_config_service_win.cc(668)] Failed to read DnsConfig.
[1128/111531.556:WARNING:dns_config_service_win.cc(668)] Failed to read DnsConfig.
[1128/111536.565:WARNING:dns_config_service_win.cc(668)] Failed to read DnsConfig.
[1128/111541.574:WARNING:dns_config_service_win.cc(668)] Failed to read DnsConfig.
[1128/111546.582:WARNING:dns_config_service_win.cc(668)] Failed to read DnsConfig.
[1128/111551.591:WARNING:dns_config_service_win.cc(668)] Failed to read DnsConfig.
[1128/111556.601:WARNING:dns_config_service_win.cc(668)] Failed to read DnsConfig.
[1128/111601.610:WARNING:dns_config_service_win.cc(668)] Failed to read DnsConfig.
[1128/111606.621:WARNING:dns_config_service_win.cc(668)] Failed to read DnsConfig.
[1128/111611.630:WARNING:dns_config_service_win.cc(668)] Failed to read DnsConfig.
[1128/111616.640:WARNING:dns_config_service_win.cc(668)] Failed to read DnsConfig.
[1128/111621.649:WARNING:dns_config_service_win.cc(668)] Failed to read DnsConfig.
[1128/111626.658:WARNING:dns_config_service_win.cc(668)] Failed to read DnsConfig.
[1128/111631.667:WARNING:dns_config_service_win.cc(668)] Failed to read DnsConfig.
[1128/111636.677:WARNING:dns_config_service_win.cc(668)] Failed to read DnsConfig.
[1128/111641.688:WARNING:dns_config_service_win.cc(668)] Failed to read DnsConfig.
[1128/111646.696:WARNING:dns_config_service_win.cc(668)] Failed to read DnsConfig.
[1128/111651.706:WARNING:dns_config_service_win.cc(668)] Failed to read DnsConfig.
[1128/111656.715:WARNING:dns_config_service_win.cc(668)] Failed to read DnsConfig.
[1128/111701.723:WARNING:dns_config_service_win.cc(668)] Failed to read DnsConfig.
[1128/111706.732:WARNING:dns_config_service_win.cc(668)] Failed to read DnsConfig.
[1128/111711.742:WARNING:dns_config_service_win.cc(668)] Failed to read DnsConfig.
[1128/111716.751:WARNING:dns_config_service_win.cc(668)] Failed to read DnsConfig.
[1128/111721.760:WARNING:dns_config_service_win.cc(668)] Failed to read DnsConfig.
[1128/111726.769:WARNING:dns_config_service_win.cc(668)] Failed to read DnsConfig.
[1128/111731.778:WARNING:dns_config_service_win.cc(668)] Failed to read DnsConfig.
[1128/111736.786:WARNING:dns_config_service_win.cc(668)] Failed to read DnsConfig.
[1128/111741.796:WARNING:dns_config_service_win.cc(668)] Failed to read DnsConfig.
[1128/111746.805:WARNING:dns_config_service_win.cc(668)] Failed to read DnsConfig.
[1128/111751.816:WARNING:dns_config_service_win.cc(668)] Failed to read DnsConfig.
[1128/111756.826:WARNING:dns_config_service_win.cc(668)] Failed to read DnsConfig.
[1128/111801.835:WARNING:dns_config_service_win.cc(668)] Failed to read DnsConfig.
[1128/111806.845:WARNING:dns_config_service_win.cc(668)] Failed to read DnsConfig.
[1128/111811.853:WARNING:dns_config_service_win.cc(668)] Failed to read DnsConfig.
[1128/111816.861:WARNING:dns_config_service_win.cc(668)] Failed to read DnsConfig.
[1128/111821.871:WARNING:dns_config_service_win.cc(668)] Failed to read DnsConfig.
[1128/111826.880:WARNING:dns_config_service_win.cc(668)] Failed to read DnsConfig.
[1128/111831.889:WARNING:dns_config_service_win.cc(668)] Failed to read DnsConfig.
[1128/111836.898:WARNING:dns_config_service_win.cc(668)] Failed to read DnsConfig.
[1128/111841.906:WARNING:dns_config_service_win.cc(668)] Failed to read DnsConfig.
[1128/111846.915:WARNING:dns_config_service_win.cc(668)] Failed to read DnsConfig.
[1128/111851.924:WARNING:dns_config_service_win.cc(668)] Failed to read DnsConfig.
[1128/111856.933:WARNING:dns_config_service_win.cc(668)] Failed to read DnsConfig.
[1128/111901.943:WARNING:dns_config_service_win.cc(668)] Failed to read DnsConfig.
[1128/111906.951:WARNING:dns_config_service_win.cc(668)] Failed to read DnsConfig.
[1128/111911.961:WARNING:dns_config_service_win.cc(668)] Failed to read DnsConfig.
[1128/111916.971:WARNING:dns_config_service_win.cc(668)] Failed to read DnsConfig.
[1128/111921.980:WARNING:dns_config_service_win.cc(668)] Failed to read DnsConfig.
[1128/111926.989:WARNING:dns_config_service_win.cc(668)] Failed to read DnsConfig.
[1128/111931.999:WARNING:dns_config_service_win.cc(668)] Failed to read DnsConfig.
[1128/111937.010:WARNING:dns_config_service_win.cc(668)] Failed to read DnsConfig.
[1128/111942.019:WARNING:dns_config_service_win.cc(668)] Failed to read DnsConfig.
[1128/111947.029:WARNING:dns_config_service_win.cc(668)] Failed to read DnsConfig.
[1128/111952.038:WARNING:dns_config_service_win.cc(668)] Failed to read DnsConfig.
[1128/111957.047:WARNING:dns_config_service_win.cc(668)] Failed to read DnsConfig.
[1128/112002.056:WARNING:dns_config_service_win.cc(668)] Failed to read DnsConfig.
[1128/112007.063:WARNING:dns_config_service_win.cc(668)] Failed to read DnsConfig.
[1128/112012.073:WARNING:dns_config_service_win.cc(668)] Failed to read DnsConfig.
[1128/112017.082:WARNING:dns_config_service_win.cc(668)] Failed to read DnsConfig.
[1128/112022.091:WARNING:dns_config_service_win.cc(668)] Failed to read DnsConfig.
[1128/112027.100:WARNING:dns_config_service_win.cc(668)] Failed to read DnsConfig.
[1128/112032.110:WARNING:dns_config_service_win.cc(668)] Failed to read DnsConfig.
[1128/112037.120:WARNING:dns_config_service_win.cc(668)] Failed to read DnsConfig.
[1128/112042.129:WARNING:dns_config_service_win.cc(668)] Failed to read DnsConfig.
[1128/112047.138:WARNING:dns_config_service_win.cc(668)] Failed to read DnsConfig.
[1128/112052.147:WARNING:dns_config_service_win.cc(668)] Failed to read DnsConfig.
[1128/112057.159:WARNING:dns_config_service_win.cc(668)] Failed to read DnsConfig.
[1128/112102.169:WARNING:dns_config_service_win.cc(668)] Failed to read DnsConfig.
[1128/112107.178:WARNING:dns_config_service_win.cc(668)] Failed to read DnsConfig.
[1128/112112.188:WARNING:dns_config_service_win.cc(668)] Failed to read DnsConfig.
[1128/112117.197:WARNING:dns_config_service_win.cc(668)] Failed to read DnsConfig.
[1128/112122.207:WARNING:dns_config_service_win.cc(668)] Failed to read DnsConfig.
[1128/112127.216:WARNING:dns_config_service_win.cc(668)] Failed to read DnsConfig.
[1128/112132.227:WARNING:dns_config_service_win.cc(668)] Failed to read DnsConfig.
[1128/112137.236:WARNING:dns_config_service_win.cc(668)] Failed to read DnsConfig.
[1128/112142.248:WARNING:dns_config_service_win.cc(668)] Failed to read DnsConfig.
[1128/112147.258:WARNING:dns_config_service_win.cc(668)] Failed to read DnsConfig.
[1128/112152.267:WARNING:dns_config_service_win.cc(668)] Failed to read DnsConfig.
[1128/112157.276:WARNING:dns_config_service_win.cc(668)] Failed to read DnsConfig.
[1128/112202.286:WARNING:dns_config_service_win.cc(668)] Failed to read DnsConfig.
[1128/112207.295:WARNING:dns_config_service_win.cc(668)] Failed to read DnsConfig.
[1128/112212.304:WARNING:dns_config_service_win.cc(668)] Failed to read DnsConfig.
[1128/112217.313:WARNING:dns_config_service_win.cc(668)] Failed to read DnsConfig.
[1128/112222.322:WARNING:dns_config_service_win.cc(668)] Failed to read DnsConfig.
[1128/112227.331:WARNING:dns_config_service_win.cc(668)] Failed to read DnsConfig.
[1128/112232.341:WARNING:dns_config_service_win.cc(668)] Failed to read DnsConfig.
[1128/112237.350:WARNING:dns_config_service_win.cc(668)] Failed to read DnsConfig.
[1128/112242.359:WARNING:dns_config_service_win.cc(668)] Failed to read DnsConfig.
[1128/112247.369:WARNING:dns_config_service_win.cc(668)] Failed to read DnsConfig.
[1128/112252.378:WARNING:dns_config_service_win.cc(668)] Failed to read DnsConfig.
[1128/112257.389:WARNING:dns_config_service_win.cc(668)] Failed to read DnsConfig.
[1128/112302.398:WARNING:dns_config_service_win.cc(668)] Failed to read DnsConfig.
[1128/112307.406:WARNING:dns_config_service_win.cc(668)] Failed to read DnsConfig.
[1128/112312.417:WARNING:dns_config_service_win.cc(668)] Failed to read DnsConfig.
[1128/112317.426:WARNING:dns_config_service_win.cc(668)] Failed to read DnsConfig.
[1128/112322.435:WARNING:dns_config_service_win.cc(668)] Failed to read DnsConfig.
[1128/112327.445:WARNING:dns_config_service_win.cc(668)] Failed to read DnsConfig.
[1128/112332.449:WARNING:dns_config_service_win.cc(668)] Failed to read DnsConfig.
[1128/113428.618:WARNING:dns_config_service_win.cc(668)] Failed to read DnsConfig.
[1128/113433.623:WARNING:dns_config_service_win.cc(668)] Failed to read DnsConfig.
[1128/113438.627:WARNING:dns_config_service_win.cc(668)] Failed to read DnsConfig.
[1128/113443.632:WARNING:dns_config_service_win.cc(668)] Failed to read DnsConfig.
[1128/113448.636:WARNING:dns_config_service_win.cc(668)] Failed to read DnsConfig.
[1128/113453.640:WARNING:dns_config_service_win.cc(668)] Failed to read DnsConfig.
[1128/113458.643:WARNING:dns_config_service_win.cc(668)] Failed to read DnsConfig.
[1128/113503.647:WARNING:dns_config_service_win.cc(668)] Failed to read DnsConfig.
[1128/113508.652:WARNING:dns_config_service_win.cc(668)] Failed to read DnsConfig.
[1128/113513.657:WARNING:dns_config_service_win.cc(668)] Failed to read DnsConfig.
[1128/113518.661:WARNING:dns_config_service_win.cc(668)] Failed to read DnsConfig.
[1128/113523.665:WARNING:dns_config_service_win.cc(668)] Failed to read DnsConfig.
[1128/113528.669:WARNING:dns_config_service_win.cc(668)] Failed to read DnsConfig.
[1128/113533.673:WARNING:dns_config_service_win.cc(668)] Failed to read DnsConfig.
[1128/113538.676:WARNING:dns_config_service_win.cc(668)] Failed to read DnsConfig.
[1128/113543.680:WARNING:dns_config_service_win.cc(668)] Failed to read DnsConfig.
[1128/113548.686:WARNING:dns_config_service_win.cc(668)] Failed to read DnsConfig.
[1128/113553.690:WARNING:dns_config_service_win.cc(668)] Failed to read DnsConfig.
[1128/113558.698:WARNING:dns_config_service_win.cc(668)] Failed to read DnsConfig.
[1128/113603.706:WARNING:dns_config_service_win.cc(668)] Failed to read DnsConfig.
[1128/113608.714:WARNING:dns_config_service_win.cc(668)] Failed to read DnsConfig.
[1128/113613.724:WARNING:dns_config_service_win.cc(668)] Failed to read DnsConfig.
[1128/113618.733:WARNING:dns_config_service_win.cc(668)] Failed to read DnsConfig.
[1128/113623.743:WARNING:dns_config_service_win.cc(668)] Failed to read DnsConfig.
[1128/113628.752:WARNING:dns_config_service_win.cc(668)] Failed to read DnsConfig.
[1128/113633.766:WARNING:dns_config_service_win.cc(668)] Failed to read DnsConfig.
[1128/113638.774:WARNING:dns_config_service_win.cc(668)] Failed to read DnsConfig.
[1128/113643.783:WARNING:dns_config_service_win.cc(668)] Failed to read DnsConfig.
[1128/113648.792:WARNING:dns_config_service_win.cc(668)] Failed to read DnsConfig.
[1128/113653.802:WARNING:dns_config_service_win.cc(668)] Failed to read DnsConfig.
[1128/113658.810:WARNING:dns_config_service_win.cc(668)] Failed to read DnsConfig.
